c:\users\dev\2d arcade games\debug\bin\debug\intermediates\vc143.pdb
c:\users\dev\2d arcade games\debug\bin\debug\intermediates\vc143.idb
c:\users\dev\2d arcade games\debug\bin\debug\intermediates\window.obj
c:\users\dev\2d arcade games\debug\bin\debug\intermediates\entrypoint.obj
c:\users\dev\2d arcade games\debug\bin\debug\intermediates\gamewindow.obj
c:\users\dev\2d arcade games\debug\bin\debug\2d arcade games.pdb
c:\users\dev\2d arcade games\debug\bin\debug\intermediates\2d arcade games.vcxproj.filelistabsolute.txt
c:\users\dev\2d arcade games\debug\bin\debug\intermediates\2d arcade games.tlog\cl.command.1.tlog
c:\users\dev\2d arcade games\debug\bin\debug\intermediates\2d arcade games.tlog\cl.read.1.tlog
c:\users\dev\2d arcade games\debug\bin\debug\intermediates\2d arcade games.tlog\cl.write.1.tlog
c:\users\dev\2d arcade games\debug\bin\debug\intermediates\2d arcade games.tlog\link-cvtres.read.1.tlog
c:\users\dev\2d arcade games\debug\bin\debug\intermediates\2d arcade games.tlog\link-cvtres.write.1.tlog
c:\users\dev\2d arcade games\debug\bin\debug\intermediates\2d arcade games.tlog\link-rc.read.1.tlog
c:\users\dev\2d arcade games\debug\bin\debug\intermediates\2d arcade games.tlog\link-rc.write.1.tlog
c:\users\dev\2d arcade games\debug\bin\debug\intermediates\2d arcade games.tlog\link.12964-cvtres.read.1.tlog
c:\users\dev\2d arcade games\debug\bin\debug\intermediates\2d arcade games.tlog\link.12964-cvtres.write.1.tlog
c:\users\dev\2d arcade games\debug\bin\debug\intermediates\2d arcade games.tlog\link.12964-rc.read.1.tlog
c:\users\dev\2d arcade games\debug\bin\debug\intermediates\2d arcade games.tlog\link.12964-rc.write.1.tlog
c:\users\dev\2d arcade games\debug\bin\debug\intermediates\2d arcade games.tlog\link.12964.read.1.tlog
c:\users\dev\2d arcade games\debug\bin\debug\intermediates\2d arcade games.tlog\link.12964.read.2.tlog
c:\users\dev\2d arcade games\debug\bin\debug\intermediates\2d arcade games.tlog\link.12964.write.1.tlog
c:\users\dev\2d arcade games\debug\bin\debug\intermediates\2d arcade games.tlog\link.command.1.tlog
c:\users\dev\2d arcade games\debug\bin\debug\intermediates\2d arcade games.tlog\link.read.1.tlog
c:\users\dev\2d arcade games\debug\bin\debug\intermediates\2d arcade games.tlog\link.read.2.tlog
c:\users\dev\2d arcade games\debug\bin\debug\intermediates\2d arcade games.tlog\link.write.1.tlog
